#! /usr/bin/vvp
:ivl_version "10.3 (stable)";
:ivl_delay_selection "TYPICAL";
:vpi_time_precision - 12;
:vpi_module "system";
:vpi_module "vhdl_sys";
:vpi_module "v2005_math";
:vpi_module "va_math";
S_0x5644664da4e0 .scope module, "registers_tb" "registers_tb" 2 16;
 .timescale -9 -12;
P_0x5644664c7900 .param/l "TRACE" 0 2 30, +C4<00000000000000000000000000000001>;
v0x5644664da010_0 .var "clk_tb_i", 0 0;
S_0x5644664da150 .scope generate, "genblk1" "genblk1" 2 74, 2 74 0, S_0x5644664da4e0;
 .timescale -9 -12;
    .scope S_0x5644664da150;
T_0 ;
    %vpi_call 2 75 "$dumpfile", "registers.vcd" {0 0 0};
    %vpi_call 2 76 "$dumpvars" {0 0 0};
    %end;
    .thread T_0;
    .scope S_0x5644664da4e0;
T_1 ;
    %delay 1000, 0;
    %load/vec4 v0x5644664da010_0;
    %inv;
    %store/vec4 v0x5644664da010_0, 0, 1;
    %jmp T_1;
    .thread T_1;
    .scope S_0x5644664da4e0;
T_2 ;
    %pushi/vec4 0, 0, 1;
    %store/vec4 v0x5644664da010_0, 0, 1;
    %delay 1000000, 0;
    %vpi_call 2 81 "$finish" {0 0 0};
    %end;
    .thread T_2;
# The file index is used to find the file name in the following table.
:file_names 3;
    "N/A";
    "<interactive>";
    "registers_tb.v";
